<?xml version="1.0" encoding="UTF-8"?>
<testng-results skipped="0" failed="0" ignored="0" total="1" passed="1">
  <reporter-output>
  </reporter-output>
  <suite name="Default suite" duration-ms="11456" started-at="2018-05-07T16:23:15Z" finished-at="2018-05-07T16:23:26Z">
    <groups>
    </groups>
    <test name="Default test" duration-ms="11456" started-at="2018-05-07T16:23:15Z" finished-at="2018-05-07T16:23:26Z">
      <class name="mylession.TEST">
        <test-method status="PASS" signature="pre()[pri:0, instance:mylession.TEST@4923ab24]" name="pre" is-config="true" duration-ms="3964" started-at="2018-05-07T16:23:15Z" finished-at="2018-05-07T16:23:19Z">
          <reporter-output>
          </reporter-output>
        </test-method> <!-- pre -->
        <test-method status="PASS" signature="changeEX()[pri:0, instance:mylession.TEST@4923ab24]" name="changeEX" duration-ms="7453" started-at="2018-05-07T16:23:19Z" finished-at="2018-05-07T16:23:26Z">
          <reporter-output>
          </reporter-output>
        </test-method> <!-- changeEX -->
      </class> <!-- mylession.TEST -->
    </test> <!-- Default test -->
  </suite> <!-- Default suite -->
</testng-results>
