<?xml version="1.0" encoding="UTF-8"?>
<testng-results skipped="0" failed="0" ignored="0" total="1" passed="1">
  <reporter-output>
  </reporter-output>
  <suite name="Default suite" duration-ms="9653" started-at="2018-09-30T03:15:19Z" finished-at="2018-09-30T03:15:29Z">
    <groups>
    </groups>
    <test name="Default test" duration-ms="9653" started-at="2018-09-30T03:15:19Z" finished-at="2018-09-30T03:15:29Z">
      <class name="com.zkr.fqz.testScript.testFqz">
        <test-method status="PASS" signature="reday()[pri:0, instance:com.zkr.fqz.testScript.testFqz@670b40af]" name="reday" is-config="true" duration-ms="5937" started-at="2018-09-30T03:15:19Z" finished-at="2018-09-30T03:15:25Z">
          <reporter-output>
          </reporter-output>
        </test-method> <!-- reday -->
        <test-method status="PASS" signature="redayClass()[pri:0, instance:com.zkr.fqz.testScript.testFqz@670b40af]" name="redayClass" is-config="true" duration-ms="36" started-at="2018-09-30T03:15:25Z" finished-at="2018-09-30T03:15:25Z">
          <reporter-output>
          </reporter-output>
        </test-method> <!-- redayClass -->
        <test-method status="PASS" signature="loginTest()[pri:0, instance:com.zkr.fqz.testScript.testFqz@670b40af]" name="loginTest" duration-ms="3640" started-at="2018-09-30T03:15:25Z" finished-at="2018-09-30T03:15:29Z">
          <reporter-output>
          </reporter-output>
        </test-method> <!-- loginTest -->
      </class> <!-- com.zkr.fqz.testScript.testFqz -->
    </test> <!-- Default test -->
  </suite> <!-- Default suite -->
</testng-results>
